[debug] [2024-12-29T11:54:13.256Z] ----------------------------------------------------------------------
[debug] [2024-12-29T11:54:13.266Z] Command:       C:\Program Files\nodejs\node.exe C:\Users\omarh\AppData\Roaming\npm\node_modules\firebase-tools\lib\bin\firebase.js init hosting
[debug] [2024-12-29T11:54:13.266Z] CLI Version:   13.29.1
[debug] [2024-12-29T11:54:13.266Z] Platform:      win32
[debug] [2024-12-29T11:54:13.266Z] Node Version:  v22.12.0
[debug] [2024-12-29T11:54:13.267Z] Time:          Sun Dec 29 2024 03:54:13 GMT-0800 (Pacific Standard Time)
[debug] [2024-12-29T11:54:13.267Z] ----------------------------------------------------------------------
[debug] 
[debug] [2024-12-29T11:54:13.278Z] > command requires scopes: ["email","openid","https://www.googleapis.com/auth/cloudplatformprojects.readonly","https://www.googleapis.com/auth/firebase","https://www.googleapis.com/auth/cloud-platform"]
[debug] [2024-12-29T11:54:13.279Z] > authorizing via signed-in user (omarhernandezm91@gmail.com)
[info] 
     ######## #### ########  ######## ########     ###     ######  ########
     ##        ##  ##     ## ##       ##     ##  ##   ##  ##       ##
     ######    ##  ########  ######   ########  #########  ######  ######
     ##        ##  ##    ##  ##       ##     ## ##     ##       ## ##
     ##       #### ##     ## ######## ########  ##     ##  ######  ########

You're about to initialize a Firebase project in this directory:

  C:\Users\omarh\Desktop\sync code\sync(1)

[info] 
=== Project Setup
[info] 
[info] First, let's associate this project directory with a Firebase project.
[info] You can create multiple project aliases by running firebase use --add, 
[info] but for now we'll just set up a default project.
[info] 
